#
# A fatal error has been detected by the Java Runtime Environment:
#
#  EXCEPTION_ACCESS_VIOLATION (0xc0000005) at pc=0x00007ffb2d93f7e5, pid=3256, tid=4536
#
# JRE version: OpenJDK Runtime Environment (15.0.2+7) (build 15.0.2+7-27)
# Java VM: OpenJDK 64-Bit Server VM (15.0.2+7-27, mixed mode, tiered, compressed oops, g1 gc, windows-amd64)
# Problematic frame:
# V  [jvm.dll+0x5cf7e5]
#
# No core dump will be written. Minidumps are not enabled by default on client versions of Windows
#
# If you would like to submit a bug report, please visit:
#   https://bugreport.java.com/bugreport/crash.jsp
#

---------------  S U M M A R Y ------------

Command Line: -XX:+ShowCodeDetailsInExceptionMessages -agentlib:jdwp=transport=dt_socket,suspend=y,address=localhost:51170 -javaagent:C:\eclipse\configuration\org.eclipse.osgi\412\0\.cp\lib\javaagent-shaded.jar -Dfile.encoding=MS949 Ex0510_03

Host: Intel(R) Core(TM) i5-8400 CPU @ 2.80GHz, 6 cores, 15G,  Windows 10 , 64 bit Build 19041 (10.0.19041.928)
Time: Mon May 10 12:23:17 2021 대한민국 표준시 elapsed time: 164.785118 seconds (0d 0h 2m 44s)

---------------  T H R E A D  ---------------

Current thread (0x0000010808a2ee70):  VMThread "VM Thread" [stack: 0x00000005f8600000,0x00000005f8700000] [id=4536]

Stack: [0x00000005f8600000,0x00000005f8700000],  sp=0x00000005f86ff3f8,  free space=1020k
Native frames: (J=compiled Java code, j=interpreted, Vv=VM code, C=native code)
V  [jvm.dll+0x5cf7e5]


siginfo: EXCEPTION_ACCESS_VIOLATION (0xc0000005), reading address 0xffffffffffffffff


Register to memory mapping:

RIP=0x00007ffb2d93f7e5 jvm.dll
RAX=0xca007ffb2dc33d30 is an unknown value
RBX=0x0 is NULL
RCX=0x0000010809a38640 is pointing into metadata
RDX=0x0000010869790c01 points into unknown readable memory: 00 00 00 00 00 00 00
RSP=0x00000005f86ff3f8 points into unknown readable memory: 0x00007ffb2daaf87a | 7a f8 aa 2d fb 7f 00 00
RBP=0x00007ffb2d93f7e0 jvm.dll
RSI=0x0000010869790c50 is a thread
RDI=0x0 is NULL
R8 =0x0000010867540e01 points into unknown readable memory: 00 00 00 00 00 00 00
R9 =0x000000007ffef000 points into unknown readable memory: 0x00000000546c6148 | 48 61 6c 54 00 00 00 00
R10=0x00000000546c6148 is an unknown value
R11=0xfffffffff969a551 is an unknown value
R12=0x00007ffb2dbb9f90 jvm.dll
R13=0x00007ffb2de38180 jvm.dll
R14=0x0000010808a2c9d8 points into unknown readable memory: 0x10030a56707a5371 | 71 53 7a 70 56 0a 03 10
R15=0x00000000000003d8 is an unknown value


Registers:
RAX=0xca007ffb2dc33d30, RBX=0x0000000000000000, RCX=0x0000010809a38640, RDX=0x0000010869790c01
RSP=0x00000005f86ff3f8, RBP=0x00007ffb2d93f7e0, RSI=0x0000010869790c50, RDI=0x0000000000000000
R8 =0x0000010867540e01, R9 =0x000000007ffef000, R10=0x00000000546c6148, R11=0xfffffffff969a551
R12=0x00007ffb2dbb9f90, R13=0x00007ffb2de38180, R14=0x0000010808a2c9d8, R15=0x00000000000003d8
RIP=0x00007ffb2d93f7e5, EFLAGS=0x0000000000010206

Top of Stack: (sp=0x00000005f86ff3f8)
0x00000005f86ff3f8:   00007ffb2daaf87a 0000010867540000
0x00000005f86ff408:   0000000000000000 0000000000000000
0x00000005f86ff418:   0000000000000000 0000010808abce60
0x00000005f86ff428:   00007ffb2dab578b 0000010808abcdf0
0x00000005f86ff438:   00000005f86ff480 0000010808a2c600
0x00000005f86ff448:   0000010869808568 00000005f86ff580
0x00000005f86ff458:   00007ffb2dab1fdf 0000000000000001
0x00000005f86ff468:   0000000000000001 00000005f86ff5d0
0x00000005f86ff478:   0000000000000000 00007ffb2dc55250
0x00000005f86ff488:   00007ffb2d93f7e0 00000005f86ff500
0x00000005f86ff498:   00007ffb2d93f685 0000000000000000
0x00000005f86ff4a8:   00000108697a9450 0000000000000000
0x00000005f86ff4b8:   000001086978d2f0 0000010808a2c5f0
0x00000005f86ff4c8:   00007ffb2d86514e 0000001d4bab9836
0x00000005f86ff4d8:   00000005f90ff270 0000010808a2ee70
0x00000005f86ff4e8:   000001086978d2f0 00000b6b4429146c 

Instructions: (pc=0x00007ffb2d93f7e5)
0x00007ffb2d93f6e5:   cc cc cc cc cc cc cc cc cc cc cc 48 89 5c 24 18
0x00007ffb2d93f6f5:   55 48 83 ec 20 48 8b 1d 0f 77 4c 00 48 85 db 74
0x00007ffb2d93f705:   17 48 8b 05 f3 76 4c 00 48 89 83 08 02 00 00 48
0x00007ffb2d93f715:   89 1d e5 76 4c 00 eb 07 48 8b 1d dc 76 4c 00 33
0x00007ffb2d93f725:   ed 48 89 2d e3 76 4c 00 48 85 db 74 7e 48 89 74
0x00007ffb2d93f735:   24 30 48 89 7c 24 38 0f 1f 40 00 48 8b b3 00 02
0x00007ffb2d93f745:   00 00 48 8b fd 48 2b f3 48 c1 ee 03 48 85 f6 74
0x00007ffb2d93f755:   1e 66 66 0f 1f 84 00 00 00 00 00 48 8b 0c fb 33
0x00007ffb2d93f765:   d2 48 8b 01 ff 50 68 48 ff c7 48 3b fe 72 ec 48
0x00007ffb2d93f775:   8b 8b 08 02 00 00 48 89 ab 08 02 00 00 48 89 9b
0x00007ffb2d93f785:   00 02 00 00 48 8b 05 78 76 4c 00 48 89 83 10 02
0x00007ffb2d93f795:   00 00 48 89 1d 6a 76 4c 00 48 8b d9 48 85 c9 75
0x00007ffb2d93f7a5:   9a 48 8b 7c 24 38 48 8b 74 24 30 48 8b 5c 24 40
0x00007ffb2d93f7b5:   48 89 2d 44 76 4c 00 48 83 c4 20 5d c3 cc cc cc
0x00007ffb2d93f7c5:   cc cc cc cc cc cc cc cc cc cc cc 48 8b 02 48 8b
0x00007ffb2d93f7d5:   ca b2 01 48 ff 60 68 cc cc cc cc 48 8b 01 b2 01
0x00007ffb2d93f7e5:   48 ff 60 68 cc cc cc cc cc cc cc 40 53 48 83 ec
0x00007ffb2d93f7f5:   20 48 8b 15 13 76 4c 00 48 8b d9 48 85 d2 74 21
0x00007ffb2d93f805:   48 8d 82 00 02 00 00 48 39 00 75 72 48 8b 05 e8
0x00007ffb2d93f815:   75 4c 00 48 89 82 08 02 00 00 48 89 15 da 75 4c
0x00007ffb2d93f825:   00 48 8b 15 db 75 4c 00 48 85 d2 74 10 48 8b 82
0x00007ffb2d93f835:   10 02 00 00 48 89 05 c8 75 4c 00 eb 3a 45 33 c0
0x00007ffb2d93f845:   b9 18 02 00 00 41 8d 50 08 e8 ad f2 ab ff 48 8b
0x00007ffb2d93f855:   d0 48 85 c0 74 1f 48 89 80 00 02 00 00 48 c7 80
0x00007ffb2d93f865:   08 02 00 00 00 00 00 00 48 c7 80 10 02 00 00 00
0x00007ffb2d93f875:   00 00 00 eb 02 33 d2 48 89 15 8d 75 4c 00 48 8b
0x00007ffb2d93f885:   82 00 02 00 00 48 89 18 48 83 82 00 02 00 00 08
0x00007ffb2d93f895:   48 83 c4 20 5b c3 cc cc cc cc cc 48 89 4c 24 08
0x00007ffb2d93f8a5:   48 89 54 24 10 4c 89 44 24 18 4c 89 4c 24 20 48
0x00007ffb2d93f8b5:   83 ec 28 4c 8b c1 4c 8d 4c 24 38 48 8d 0d e9 24
0x00007ffb2d93f8c5:   4b 00 ba 01 00 00 00 e8 1f e2 f5 ff 48 83 c4 28
0x00007ffb2d93f8d5:   c3 cc cc cc cc cc cc cc cc cc cc 48 89 5c 24 08 


Stack slot to memory mapping:
stack at sp + 0 slots: 0x00007ffb2daaf87a jvm.dll
stack at sp + 1 slots: 0x0000010867540000 points into unknown readable memory: 0x0000000000000000 | 00 00 00 00 00 00 00 00
stack at sp + 2 slots: 0x0 is NULL
stack at sp + 3 slots: 0x0 is NULL
stack at sp + 4 slots: 0x0 is NULL
stack at sp + 5 slots: 0x0000010808abce60 points into unknown readable memory: 0x0000000000000000 | 00 00 00 00 00 00 00 00
stack at sp + 6 slots: 0x00007ffb2dab578b jvm.dll
stack at sp + 7 slots: 0x0000010808abcdf0 points into unknown readable memory: 0x0000010869790c50 | 50 0c 79 69 08 01 00 00

VM_Operation (0x00000005f90ff270): RedefineClasses, mode: safepoint, requested by thread 0x0000010808ddb440


---------------  P R O C E S S  ---------------

Threads class SMR info:
_java_thread_list=0x00000108092f0b20, length=14, elements={
0x0000010869790c50, 0x0000010808a67140, 0x0000010808a68b30, 0x0000010808a90c70,
0x0000010808a91530, 0x0000010808a92e00, 0x0000010808a939f0, 0x0000010808aba5a0,
0x0000010808abceb0, 0x0000010808bb7500, 0x0000010808ddb440, 0x0000010808da9500,
0x0000010808da99f0, 0x0000010809277530
}

Java Threads: ( => current thread )
  0x0000010869790c50 JavaThread "main" [_thread_blocked, id=2032, stack(0x00000005f8000000,0x00000005f8100000)]
  0x0000010808a67140 JavaThread "Reference Handler" daemon [_thread_blocked, id=704, stack(0x00000005f8700000,0x00000005f8800000)]
  0x0000010808a68b30 JavaThread "Finalizer" daemon [_thread_blocked, id=6164, stack(0x00000005f8800000,0x00000005f8900000)]
  0x0000010808a90c70 JavaThread "Signal Dispatcher" daemon [_thread_blocked, id=3704, stack(0x00000005f8900000,0x00000005f8a00000)]
  0x0000010808a91530 JavaThread "Attach Listener" daemon [_thread_blocked, id=6080, stack(0x00000005f8a00000,0x00000005f8b00000)]
  0x0000010808a92e00 JavaThread "Service Thread" daemon [_thread_blocked, id=8520, stack(0x00000005f8b00000,0x00000005f8c00000)]
  0x0000010808a939f0 JavaThread "C2 CompilerThread0" daemon [_thread_blocked, id=5688, stack(0x00000005f8c00000,0x00000005f8d00000)]
  0x0000010808aba5a0 JavaThread "C1 CompilerThread0" daemon [_thread_blocked, id=8480, stack(0x00000005f8d00000,0x00000005f8e00000)]
  0x0000010808abceb0 JavaThread "Sweeper thread" daemon [_thread_blocked, id=8476, stack(0x00000005f8e00000,0x00000005f8f00000)]
  0x0000010808bb7500 JavaThread "Common-Cleaner" daemon [_thread_blocked, id=2308, stack(0x00000005f8f00000,0x00000005f9000000)]
  0x0000010808ddb440 JavaThread "JDWP Transport Listener: dt_socket" daemon [_thread_blocked, id=8472, stack(0x00000005f9000000,0x00000005f9100000)]
  0x0000010808da9500 JavaThread "JDWP Event Helper Thread" daemon [_thread_blocked, id=1860, stack(0x00000005f9100000,0x00000005f9200000)]
  0x0000010808da99f0 JavaThread "JDWP Command Reader" daemon [_thread_in_native, id=5896, stack(0x00000005f9200000,0x00000005f9300000)]
  0x0000010809277530 JavaThread "Notification Thread" daemon [_thread_blocked, id=3796, stack(0x00000005f9400000,0x00000005f9500000)]

Other Threads:
=>0x0000010808a2ee70 VMThread "VM Thread" [stack: 0x00000005f8600000,0x00000005f8700000] [id=4536]
  0x0000010869791d00 WatcherThread [stack: 0x00000005f9500000,0x00000005f9600000] [id=8468]
  0x00000108697e1bd0 GCTaskThread "GC Thread#0" [stack: 0x00000005f8100000,0x00000005f8200000] [id=8524]
  0x00000108697f3a70 ConcurrentGCThread "G1 Main Marker" [stack: 0x00000005f8200000,0x00000005f8300000] [id=8808]
  0x00000108697f4d00 ConcurrentGCThread "G1 Conc#0" [stack: 0x00000005f8300000,0x00000005f8400000] [id=3340]
  0x0000010869866730 ConcurrentGCThread "G1 Refine#0" [stack: 0x00000005f8400000,0x00000005f8500000] [id=2392]
  0x0000010869866e80 ConcurrentGCThread "G1 Young RemSet Sampling" [stack: 0x00000005f8500000,0x00000005f8600000] [id=7844]

Threads with active compile tasks:
C1 CompilerThread0   164795  405       3       org.eclipse.jdt.launching.internal.org.objectweb.asm.ClassReader::readUtf (44 bytes)

VM state: at safepoint (normal execution)

VM Mutex/Monitor currently owned by a thread:  ([mutex/lock_event])
[0x000001086978d770] Threads_lock - owner thread: 0x0000010808a2ee70

Heap address: 0x0000000702400000, size: 4060 MB, Compressed Oops mode: Zero based, Oop shift amount: 3
CDS disabled.
Compressed class space mapped at: 0x0000000800000000-0x0000000840000000, size: 1073741824
Narrow klass base: 0x0000000800000000, Narrow klass shift: 0, Narrow klass range: 0x40000000

GC Precious Log:
 CPUs: 6 total, 6 available
 Memory: 16233M
 Large Page Support: Disabled
 NUMA Support: Disabled
 Compressed Oops: Enabled (Zero based)
 Heap Region Size: 2M
 Heap Min Capacity: 8M
 Heap Initial Capacity: 254M
 Heap Max Capacity: 4060M
 Pre-touch: Disabled
 Parallel Workers: 6
 Concurrent Workers: 2
 Concurrent Refinement Workers: 6
 Periodic GC: Disabled

Heap:
 garbage-first heap   total 260096K, used 4096K [0x0000000702400000, 0x0000000800000000)
  region size 2048K, 3 young (6144K), 0 survivors (0K)
 Metaspace       used 9277K, capacity 9374K, committed 9600K, reserved 1058816K
  class space    used 789K, capacity 821K, committed 896K, reserved 1048576K

Heap Regions: E=young(eden), S=young(survivor), O=old, HS=humongous(starts), HC=humongous(continues), CS=collection set, F=free, OA=open archive, CA=closed archive, TAMS=top-at-mark-start (previous, next)
|   0|0x0000000702400000, 0x0000000702400000, 0x0000000702600000|  0%| F|  |TAMS 0x0000000702400000, 0x0000000702400000| Untracked 
|   1|0x0000000702600000, 0x0000000702600000, 0x0000000702800000|  0%| F|  |TAMS 0x0000000702600000, 0x0000000702600000| Untracked 
|   2|0x0000000702800000, 0x0000000702800000, 0x0000000702a00000|  0%| F|  |TAMS 0x0000000702800000, 0x0000000702800000| Untracked 
|   3|0x0000000702a00000, 0x0000000702a00000, 0x0000000702c00000|  0%| F|  |TAMS 0x0000000702a00000, 0x0000000702a00000| Untracked 
|   4|0x0000000702c00000, 0x0000000702c00000, 0x0000000702e00000|  0%| F|  |TAMS 0x0000000702c00000, 0x0000000702c00000| Untracked 
|   5|0x0000000702e00000, 0x0000000702e00000, 0x0000000703000000|  0%| F|  |TAMS 0x0000000702e00000, 0x0000000702e00000| Untracked 
|   6|0x0000000703000000, 0x0000000703000000, 0x0000000703200000|  0%| F|  |TAMS 0x0000000703000000, 0x0000000703000000| Untracked 
|   7|0x0000000703200000, 0x0000000703200000, 0x0000000703400000|  0%| F|  |TAMS 0x0000000703200000, 0x0000000703200000| Untracked 
|   8|0x0000000703400000, 0x0000000703400000, 0x0000000703600000|  0%| F|  |TAMS 0x0000000703400000, 0x0000000703400000| Untracked 
|   9|0x0000000703600000, 0x0000000703600000, 0x0000000703800000|  0%| F|  |TAMS 0x0000000703600000, 0x0000000703600000| Untracked 
|  10|0x0000000703800000, 0x0000000703800000, 0x0000000703a00000|  0%| F|  |TAMS 0x0000000703800000, 0x0000000703800000| Untracked 
|  11|0x0000000703a00000, 0x0000000703a00000, 0x0000000703c00000|  0%| F|  |TAMS 0x0000000703a00000, 0x0000000703a00000| Untracked 
|  12|0x0000000703c00000, 0x0000000703c00000, 0x0000000703e00000|  0%| F|  |TAMS 0x0000000703c00000, 0x0000000703c00000| Untracked 
|  13|0x0000000703e00000, 0x0000000703e00000, 0x0000000704000000|  0%| F|  |TAMS 0x0000000703e00000, 0x0000000703e00000| Untracked 
|  14|0x0000000704000000, 0x0000000704000000, 0x0000000704200000|  0%| F|  |TAMS 0x0000000704000000, 0x0000000704000000| Untracked 
|  15|0x0000000704200000, 0x0000000704200000, 0x0000000704400000|  0%| F|  |TAMS 0x0000000704200000, 0x0000000704200000| Untracked 
|  16|0x0000000704400000, 0x0000000704400000, 0x0000000704600000|  0%| F|  |TAMS 0x0000000704400000, 0x0000000704400000| Untracked 
|  17|0x0000000704600000, 0x0000000704600000, 0x0000000704800000|  0%| F|  |TAMS 0x0000000704600000, 0x0000000704600000| Untracked 
|  18|0x0000000704800000, 0x0000000704800000, 0x0000000704a00000|  0%| F|  |TAMS 0x0000000704800000, 0x0000000704800000| Untracked 
|  19|0x0000000704a00000, 0x0000000704a00000, 0x0000000704c00000|  0%| F|  |TAMS 0x0000000704a00000, 0x0000000704a00000| Untracked 
|  20|0x0000000704c00000, 0x0000000704c00000, 0x0000000704e00000|  0%| F|  |TAMS 0x0000000704c00000, 0x0000000704c00000| Untracked 
|  21|0x0000000704e00000, 0x0000000704e00000, 0x0000000705000000|  0%| F|  |TAMS 0x0000000704e00000, 0x0000000704e00000| Untracked 
|  22|0x0000000705000000, 0x0000000705000000, 0x0000000705200000|  0%| F|  |TAMS 0x0000000705000000, 0x0000000705000000| Untracked 
|  23|0x0000000705200000, 0x0000000705200000, 0x0000000705400000|  0%| F|  |TAMS 0x0000000705200000, 0x0000000705200000| Untracked 
|  24|0x0000000705400000, 0x0000000705400000, 0x0000000705600000|  0%| F|  |TAMS 0x0000000705400000, 0x0000000705400000| Untracked 
|  25|0x0000000705600000, 0x0000000705600000, 0x0000000705800000|  0%| F|  |TAMS 0x0000000705600000, 0x0000000705600000| Untracked 
|  26|0x0000000705800000, 0x0000000705800000, 0x0000000705a00000|  0%| F|  |TAMS 0x0000000705800000, 0x0000000705800000| Untracked 
|  27|0x0000000705a00000, 0x0000000705a00000, 0x0000000705c00000|  0%| F|  |TAMS 0x0000000705a00000, 0x0000000705a00000| Untracked 
|  28|0x0000000705c00000, 0x0000000705c00000, 0x0000000705e00000|  0%| F|  |TAMS 0x0000000705c00000, 0x0000000705c00000| Untracked 
|  29|0x0000000705e00000, 0x0000000705e00000, 0x0000000706000000|  0%| F|  |TAMS 0x0000000705e00000, 0x0000000705e00000| Untracked 
|  30|0x0000000706000000, 0x0000000706000000, 0x0000000706200000|  0%| F|  |TAMS 0x0000000706000000, 0x0000000706000000| Untracked 
|  31|0x0000000706200000, 0x0000000706200000, 0x0000000706400000|  0%| F|  |TAMS 0x0000000706200000, 0x0000000706200000| Untracked 
|  32|0x0000000706400000, 0x0000000706400000, 0x0000000706600000|  0%| F|  |TAMS 0x0000000706400000, 0x0000000706400000| Untracked 
|  33|0x0000000706600000, 0x0000000706600000, 0x0000000706800000|  0%| F|  |TAMS 0x0000000706600000, 0x0000000706600000| Untracked 
|  34|0x0000000706800000, 0x0000000706800000, 0x0000000706a00000|  0%| F|  |TAMS 0x0000000706800000, 0x0000000706800000| Untracked 
|  35|0x0000000706a00000, 0x0000000706a00000, 0x0000000706c00000|  0%| F|  |TAMS 0x0000000706a00000, 0x0000000706a00000| Untracked 
|  36|0x0000000706c00000, 0x0000000706c00000, 0x0000000706e00000|  0%| F|  |TAMS 0x0000000706c00000, 0x0000000706c00000| Untracked 
|  37|0x0000000706e00000, 0x0000000706e00000, 0x0000000707000000|  0%| F|  |TAMS 0x0000000706e00000, 0x0000000706e00000| Untracked 
|  38|0x0000000707000000, 0x0000000707000000, 0x0000000707200000|  0%| F|  |TAMS 0x0000000707000000, 0x0000000707000000| Untracked 
|  39|0x0000000707200000, 0x0000000707200000, 0x0000000707400000|  0%| F|  |TAMS 0x0000000707200000, 0x0000000707200000| Untracked 
|  40|0x0000000707400000, 0x0000000707400000, 0x0000000707600000|  0%| F|  |TAMS 0x0000000707400000, 0x0000000707400000| Untracked 
|  41|0x0000000707600000, 0x0000000707600000, 0x0000000707800000|  0%| F|  |TAMS 0x0000000707600000, 0x0000000707600000| Untracked 
|  42|0x0000000707800000, 0x0000000707800000, 0x0000000707a00000|  0%| F|  |TAMS 0x0000000707800000, 0x0000000707800000| Untracked 
|  43|0x0000000707a00000, 0x0000000707a00000, 0x0000000707c00000|  0%| F|  |TAMS 0x0000000707a00000, 0x0000000707a00000| Untracked 
|  44|0x0000000707c00000, 0x0000000707c00000, 0x0000000707e00000|  0%| F|  |TAMS 0x0000000707c00000, 0x0000000707c00000| Untracked 
|  45|0x0000000707e00000, 0x0000000707e00000, 0x0000000708000000|  0%| F|  |TAMS 0x0000000707e00000, 0x0000000707e00000| Untracked 
|  46|0x0000000708000000, 0x0000000708000000, 0x0000000708200000|  0%| F|  |TAMS 0x0000000708000000, 0x0000000708000000| Untracked 
|  47|0x0000000708200000, 0x0000000708200000, 0x0000000708400000|  0%| F|  |TAMS 0x0000000708200000, 0x0000000708200000| Untracked 
|  48|0x0000000708400000, 0x0000000708400000, 0x0000000708600000|  0%| F|  |TAMS 0x0000000708400000, 0x0000000708400000| Untracked 
|  49|0x0000000708600000, 0x0000000708600000, 0x0000000708800000|  0%| F|  |TAMS 0x0000000708600000, 0x0000000708600000| Untracked 
|  50|0x0000000708800000, 0x0000000708800000, 0x0000000708a00000|  0%| F|  |TAMS 0x0000000708800000, 0x0000000708800000| Untracked 
|  51|0x0000000708a00000, 0x0000000708a00000, 0x0000000708c00000|  0%| F|  |TAMS 0x0000000708a00000, 0x0000000708a00000| Untracked 
|  52|0x0000000708c00000, 0x0000000708c00000, 0x0000000708e00000|  0%| F|  |TAMS 0x0000000708c00000, 0x0000000708c00000| Untracked 
|  53|0x0000000708e00000, 0x0000000708e00000, 0x0000000709000000|  0%| F|  |TAMS 0x0000000708e00000, 0x0000000708e00000| Untracked 
|  54|0x0000000709000000, 0x0000000709000000, 0x0000000709200000|  0%| F|  |TAMS 0x0000000709000000, 0x0000000709000000| Untracked 
|  55|0x0000000709200000, 0x0000000709200000, 0x0000000709400000|  0%| F|  |TAMS 0x0000000709200000, 0x0000000709200000| Untracked 
|  56|0x0000000709400000, 0x0000000709400000, 0x0000000709600000|  0%| F|  |TAMS 0x0000000709400000, 0x0000000709400000| Untracked 
|  57|0x0000000709600000, 0x0000000709600000, 0x0000000709800000|  0%| F|  |TAMS 0x0000000709600000, 0x0000000709600000| Untracked 
|  58|0x0000000709800000, 0x0000000709800000, 0x0000000709a00000|  0%| F|  |TAMS 0x0000000709800000, 0x0000000709800000| Untracked 
|  59|0x0000000709a00000, 0x0000000709a00000, 0x0000000709c00000|  0%| F|  |TAMS 0x0000000709a00000, 0x0000000709a00000| Untracked 
|  60|0x0000000709c00000, 0x0000000709c00000, 0x0000000709e00000|  0%| F|  |TAMS 0x0000000709c00000, 0x0000000709c00000| Untracked 
|  61|0x0000000709e00000, 0x0000000709e00000, 0x000000070a000000|  0%| F|  |TAMS 0x0000000709e00000, 0x0000000709e00000| Untracked 
|  62|0x000000070a000000, 0x000000070a000000, 0x000000070a200000|  0%| F|  |TAMS 0x000000070a000000, 0x000000070a000000| Untracked 
|  63|0x000000070a200000, 0x000000070a200000, 0x000000070a400000|  0%| F|  |TAMS 0x000000070a200000, 0x000000070a200000| Untracked 
|  64|0x000000070a400000, 0x000000070a400000, 0x000000070a600000|  0%| F|  |TAMS 0x000000070a400000, 0x000000070a400000| Untracked 
|  65|0x000000070a600000, 0x000000070a600000, 0x000000070a800000|  0%| F|  |TAMS 0x000000070a600000, 0x000000070a600000| Untracked 
|  66|0x000000070a800000, 0x000000070a800000, 0x000000070aa00000|  0%| F|  |TAMS 0x000000070a800000, 0x000000070a800000| Untracked 
|  67|0x000000070aa00000, 0x000000070aa00000, 0x000000070ac00000|  0%| F|  |TAMS 0x000000070aa00000, 0x000000070aa00000| Untracked 
|  68|0x000000070ac00000, 0x000000070ac00000, 0x000000070ae00000|  0%| F|  |TAMS 0x000000070ac00000, 0x000000070ac00000| Untracked 
|  69|0x000000070ae00000, 0x000000070ae00000, 0x000000070b000000|  0%| F|  |TAMS 0x000000070ae00000, 0x000000070ae00000| Untracked 
|  70|0x000000070b000000, 0x000000070b000000, 0x000000070b200000|  0%| F|  |TAMS 0x000000070b000000, 0x000000070b000000| Untracked 
|  71|0x000000070b200000, 0x000000070b200000, 0x000000070b400000|  0%| F|  |TAMS 0x000000070b200000, 0x000000070b200000| Untracked 
|  72|0x000000070b400000, 0x000000070b400000, 0x000000070b600000|  0%| F|  |TAMS 0x000000070b400000, 0x000000070b400000| Untracked 
|  73|0x000000070b600000, 0x000000070b600000, 0x000000070b800000|  0%| F|  |TAMS 0x000000070b600000, 0x000000070b600000| Untracked 
|  74|0x000000070b800000, 0x000000070b800000, 0x000000070ba00000|  0%| F|  |TAMS 0x000000070b800000, 0x000000070b800000| Untracked 
|  75|0x000000070ba00000, 0x000000070ba00000, 0x000000070bc00000|  0%| F|  |TAMS 0x000000070ba00000, 0x000000070ba00000| Untracked 
|  76|0x000000070bc00000, 0x000000070bc00000, 0x000000070be00000|  0%| F|  |TAMS 0x000000070bc00000, 0x000000070bc00000| Untracked 
|  77|0x000000070be00000, 0x000000070be00000, 0x000000070c000000|  0%| F|  |TAMS 0x000000070be00000, 0x000000070be00000| Untracked 
|  78|0x000000070c000000, 0x000000070c000000, 0x000000070c200000|  0%| F|  |TAMS 0x000000070c000000, 0x000000070c000000| Untracked 
|  79|0x000000070c200000, 0x000000070c200000, 0x000000070c400000|  0%| F|  |TAMS 0x000000070c200000, 0x000000070c200000| Untracked 
|  80|0x000000070c400000, 0x000000070c400000, 0x000000070c600000|  0%| F|  |TAMS 0x000000070c400000, 0x000000070c400000| Untracked 
|  81|0x000000070c600000, 0x000000070c600000, 0x000000070c800000|  0%| F|  |TAMS 0x000000070c600000, 0x000000070c600000| Untracked 
|  82|0x000000070c800000, 0x000000070c800000, 0x000000070ca00000|  0%| F|  |TAMS 0x000000070c800000, 0x000000070c800000| Untracked 
|  83|0x000000070ca00000, 0x000000070ca00000, 0x000000070cc00000|  0%| F|  |TAMS 0x000000070ca00000, 0x000000070ca00000| Untracked 
|  84|0x000000070cc00000, 0x000000070cc00000, 0x000000070ce00000|  0%| F|  |TAMS 0x000000070cc00000, 0x000000070cc00000| Untracked 
|  85|0x000000070ce00000, 0x000000070ce00000, 0x000000070d000000|  0%| F|  |TAMS 0x000000070ce00000, 0x000000070ce00000| Untracked 
|  86|0x000000070d000000, 0x000000070d000000, 0x000000070d200000|  0%| F|  |TAMS 0x000000070d000000, 0x000000070d000000| Untracked 
|  87|0x000000070d200000, 0x000000070d200000, 0x000000070d400000|  0%| F|  |TAMS 0x000000070d200000, 0x000000070d200000| Untracked 
|  88|0x000000070d400000, 0x000000070d400000, 0x000000070d600000|  0%| F|  |TAMS 0x000000070d400000, 0x000000070d400000| Untracked 
|  89|0x000000070d600000, 0x000000070d600000, 0x000000070d800000|  0%| F|  |TAMS 0x000000070d600000, 0x000000070d600000| Untracked 
|  90|0x000000070d800000, 0x000000070d800000, 0x000000070da00000|  0%| F|  |TAMS 0x000000070d800000, 0x000000070d800000| Untracked 
|  91|0x000000070da00000, 0x000000070da00000, 0x000000070dc00000|  0%| F|  |TAMS 0x000000070da00000, 0x000000070da00000| Untracked 
|  92|0x000000070dc00000, 0x000000070dc00000, 0x000000070de00000|  0%| F|  |TAMS 0x000000070dc00000, 0x000000070dc00000| Untracked 
|  93|0x000000070de00000, 0x000000070de00000, 0x000000070e000000|  0%| F|  |TAMS 0x000000070de00000, 0x000000070de00000| Untracked 
|  94|0x000000070e000000, 0x000000070e000000, 0x000000070e200000|  0%| F|  |TAMS 0x000000070e000000, 0x000000070e000000| Untracked 
|  95|0x000000070e200000, 0x000000070e200000, 0x000000070e400000|  0%| F|  |TAMS 0x000000070e200000, 0x000000070e200000| Untracked 
|  96|0x000000070e400000, 0x000000070e400000, 0x000000070e600000|  0%| F|  |TAMS 0x000000070e400000, 0x000000070e400000| Untracked 
|  97|0x000000070e600000, 0x000000070e600000, 0x000000070e800000|  0%| F|  |TAMS 0x000000070e600000, 0x000000070e600000| Untracked 
|  98|0x000000070e800000, 0x000000070e800000, 0x000000070ea00000|  0%| F|  |TAMS 0x000000070e800000, 0x000000070e800000| Untracked 
|  99|0x000000070ea00000, 0x000000070ea00000, 0x000000070ec00000|  0%| F|  |TAMS 0x000000070ea00000, 0x000000070ea00000| Untracked 
| 100|0x000000070ec00000, 0x000000070ec00000, 0x000000070ee00000|  0%| F|  |TAMS 0x000000070ec00000, 0x000000070ec00000| Untracked 
| 101|0x000000070ee00000, 0x000000070ee00000, 0x000000070f000000|  0%| F|  |TAMS 0x000000070ee00000, 0x000000070ee00000| Untracked 
| 102|0x000000070f000000, 0x000000070f000000, 0x000000070f200000|  0%| F|  |TAMS 0x000000070f000000, 0x000000070f000000| Untracked 
| 103|0x000000070f200000, 0x000000070f200000, 0x000000070f400000|  0%| F|  |TAMS 0x000000070f200000, 0x000000070f200000| Untracked 
| 104|0x000000070f400000, 0x000000070f400000, 0x000000070f600000|  0%| F|  |TAMS 0x000000070f400000, 0x000000070f400000| Untracked 
| 105|0x000000070f600000, 0x000000070f600000, 0x000000070f800000|  0%| F|  |TAMS 0x000000070f600000, 0x000000070f600000| Untracked 
| 106|0x000000070f800000, 0x000000070f800000, 0x000000070fa00000|  0%| F|  |TAMS 0x000000070f800000, 0x000000070f800000| Untracked 
| 107|0x000000070fa00000, 0x000000070fa00000, 0x000000070fc00000|  0%| F|  |TAMS 0x000000070fa00000, 0x000000070fa00000| Untracked 
| 108|0x000000070fc00000, 0x000000070fc00000, 0x000000070fe00000|  0%| F|  |TAMS 0x000000070fc00000, 0x000000070fc00000| Untracked 
| 109|0x000000070fe00000, 0x000000070fe00000, 0x0000000710000000|  0%| F|  |TAMS 0x000000070fe00000, 0x000000070fe00000| Untracked 
| 110|0x0000000710000000, 0x0000000710000000, 0x0000000710200000|  0%| F|  |TAMS 0x0000000710000000, 0x0000000710000000| Untracked 
| 111|0x0000000710200000, 0x0000000710200000, 0x0000000710400000|  0%| F|  |TAMS 0x0000000710200000, 0x0000000710200000| Untracked 
| 112|0x0000000710400000, 0x0000000710400000, 0x0000000710600000|  0%| F|  |TAMS 0x0000000710400000, 0x0000000710400000| Untracked 
| 113|0x0000000710600000, 0x0000000710600000, 0x0000000710800000|  0%| F|  |TAMS 0x0000000710600000, 0x0000000710600000| Untracked 
| 114|0x0000000710800000, 0x0000000710800000, 0x0000000710a00000|  0%| F|  |TAMS 0x0000000710800000, 0x0000000710800000| Untracked 
| 115|0x0000000710a00000, 0x0000000710a00000, 0x0000000710c00000|  0%| F|  |TAMS 0x0000000710a00000, 0x0000000710a00000| Untracked 
| 116|0x0000000710c00000, 0x0000000710c00000, 0x0000000710e00000|  0%| F|  |TAMS 0x0000000710c00000, 0x0000000710c00000| Untracked 
| 117|0x0000000710e00000, 0x0000000710e00000, 0x0000000711000000|  0%| F|  |TAMS 0x0000000710e00000, 0x0000000710e00000| Untracked 
| 118|0x0000000711000000, 0x0000000711000000, 0x0000000711200000|  0%| F|  |TAMS 0x0000000711000000, 0x0000000711000000| Untracked 
| 119|0x0000000711200000, 0x0000000711200000, 0x0000000711400000|  0%| F|  |TAMS 0x0000000711200000, 0x0000000711200000| Untracked 
| 120|0x0000000711400000, 0x0000000711400000, 0x0000000711600000|  0%| F|  |TAMS 0x0000000711400000, 0x0000000711400000| Untracked 
| 121|0x0000000711600000, 0x0000000711600000, 0x0000000711800000|  0%| F|  |TAMS 0x0000000711600000, 0x0000000711600000| Untracked 
| 122|0x0000000711800000, 0x0000000711800000, 0x0000000711a00000|  0%| F|  |TAMS 0x0000000711800000, 0x0000000711800000| Untracked 
| 123|0x0000000711a00000, 0x0000000711a00000, 0x0000000711c00000|  0%| F|  |TAMS 0x0000000711a00000, 0x0000000711a00000| Untracked 
| 124|0x0000000711c00000, 0x0000000711d9c7f8, 0x0000000711e00000| 80%| E|  |TAMS 0x0000000711c00000, 0x0000000711c00000| Complete 
| 125|0x0000000711e00000, 0x0000000712000000, 0x0000000712000000|100%| E|CS|TAMS 0x0000000711e00000, 0x0000000711e00000| Complete 
| 126|0x0000000712000000, 0x0000000712200000, 0x0000000712200000|100%| E|CS|TAMS 0x0000000712000000, 0x0000000712000000| Complete 

Card table byte_map: [0x000001087cab0000,0x000001087d2a0000] _byte_map_base: 0x000001087929e000

Marking Bits (Prev, Next): (CMBitMap*) 0x00000108697e2340, (CMBitMap*) 0x00000108697e2380
 Prev Bits: [0x0000010800000000, 0x0000010803f70000)
 Next Bits: [0x0000010803f70000, 0x0000010807ee0000)

Polling page: 0x0000010868f70000

Metaspace:

Usage:
  Non-class:      8.35 MB capacity,     8.29 MB (>99%) used,    58.83 KB ( <1%) free+waste,     5.44 KB ( <1%) overhead. 
      Class:    821.00 KB capacity,   789.25 KB ( 96%) used,    30.06 KB (  4%) free+waste,     1.69 KB ( <1%) overhead. 
       Both:      9.15 MB capacity,     9.06 MB ( 99%) used,    88.89 KB ( <1%) free+waste,     7.12 KB ( <1%) overhead. 

Virtual space:
  Non-class space:       10.00 MB reserved,       8.50 MB ( 85%) committed 
      Class space:        1.00 GB reserved,     896.00 KB ( <1%) committed 
             Both:        1.01 GB reserved,       9.38 MB ( <1%) committed 

Chunk freelists:
   Non-Class:  23.00 KB
       Class:  11.00 KB
        Both:  34.00 KB

MaxMetaspaceSize: 17179869184.00 GB
CompressedClassSpaceSize: 1.00 GB

CodeHeap 'non-profiled nmethods': size=120000Kb used=127Kb max_used=127Kb free=119872Kb
 bounds [0x0000010874c80000, 0x0000010874ef0000, 0x000001087c1b0000]
CodeHeap 'profiled nmethods': size=120000Kb used=527Kb max_used=527Kb free=119472Kb
 bounds [0x000001086d750000, 0x000001086d9c0000, 0x0000010874c80000]
CodeHeap 'non-nmethods': size=5760Kb used=1227Kb max_used=1245Kb free=4532Kb
 bounds [0x000001086d1b0000, 0x000001086d420000, 0x000001086d750000]
 total_blobs=793 nmethods=403 adapters=303
 compilation: enabled
              stopped_count=0, restarted_count=0
 full_count=0

Compilation events (20 events):
Event: 0.314 Thread 0x0000010808aba5a0  396   !   3       java.security.cert.Certificate::equals (38 bytes)
Event: 0.315 Thread 0x0000010808aba5a0 nmethod 396 0x000001086d7d0310 code [0x000001086d7d0580, 0x000001086d7d1308]
Event: 0.315 Thread 0x0000010808aba5a0  397       3       sun.security.x509.X509CertImpl::getEncodedInternal (20 bytes)
Event: 0.315 Thread 0x0000010808aba5a0 nmethod 397 0x000001086d7d1790 code [0x000001086d7d1980, 0x000001086d7d1eb8]
Event: 0.316 Thread 0x0000010808aba5a0  398       3       java.lang.StringConcatHelper::stringOf (20 bytes)
Event: 0.316 Thread 0x0000010808aba5a0 nmethod 398 0x000001086d7d2010 code [0x000001086d7d21c0, 0x000001086d7d2408]
Event: 0.316 Thread 0x0000010808aba5a0  399       3       java.lang.StringConcatHelper::mix (27 bytes)
Event: 0.316 Thread 0x0000010808aba5a0 nmethod 399 0x000001086d7d2510 code [0x000001086d7d2700, 0x000001086d7d2b28]
Event: 0.316 Thread 0x0000010808aba5a0  400       3       java.lang.reflect.Modifier::isProtected (12 bytes)
Event: 0.316 Thread 0x0000010808aba5a0 nmethod 400 0x000001086d7d2d10 code [0x000001086d7d2ea0, 0x000001086d7d2fd8]
Event: 0.317 Thread 0x0000010808aba5a0  401       3       java.lang.Character::toLowerCase (9 bytes)
Event: 0.317 Thread 0x0000010808aba5a0 nmethod 401 0x000001086d7d3090 code [0x000001086d7d3240, 0x000001086d7d3418]
Event: 0.321 Thread 0x0000010808a939f0 nmethod 376% 0x0000010874c9ea10 code [0x0000010874c9ebc0, 0x0000010874c9fc18]
Event: 18.421 Thread 0x0000010808aba5a0  402       3       org.eclipse.jdt.launching.internal.org.objectweb.asm.ClassReader::readUnsignedShort (26 bytes)
Event: 18.422 Thread 0x0000010808aba5a0 nmethod 402 0x000001086d7d3510 code [0x000001086d7d36a0, 0x000001086d7d3818]
Event: 59.528 Thread 0x0000010808aba5a0  403       3       java.lang.String::<init> (74 bytes)
Event: 59.530 Thread 0x0000010808aba5a0 

Event: 59.530 Thread 0x0000010808aba5a0  404       3       java.lang.StringUTF16::compress (20 bytes)
Event: 59.530 Thread 0x0000010808aba5a0 nmethod 404 0x000001086d7d3910 code [0x000001086d7d3ac0, 0x000001086d7d3ce8]
Event: 164.772 Thread 0x0000010808aba5a0  405       3       org.eclipse.jdt.launching.internal.org.objectweb.asm.ClassReader::readUtf (44 bytes)

GC Heap History (0 events):
No events

Deoptimization events (20 events):
Event: 0.307 Thread 0x0000010869790c50 DEOPT PACKING pc=0x000001086d7be8ed sp=0x00000005f80f8310
Event: 0.307 Thread 0x0000010869790c50 DEOPT UNPACKING pc=0x000001086d1fe23f sp=0x00000005f80f77d8 mode 0
Event: 0.309 Thread 0x0000010869790c50 DEOPT PACKING pc=0x000001086d7be8ed sp=0x00000005f80fbdf0
Event: 0.309 Thread 0x0000010869790c50 DEOPT UNPACKING pc=0x000001086d1fe23f sp=0x00000005f80fb2b8 mode 0
Event: 0.309 Thread 0x0000010869790c50 DEOPT PACKING pc=0x000001086d7be8ed sp=0x00000005f80fbdf0
Event: 0.309 Thread 0x0000010869790c50 DEOPT UNPACKING pc=0x000001086d1fe23f sp=0x00000005f80fb2b8 mode 0
Event: 0.310 Thread 0x0000010869790c50 DEOPT PACKING pc=0x000001086d7be8ed sp=0x00000005f80fbdf0
Event: 0.310 Thread 0x0000010869790c50 DEOPT UNPACKING pc=0x000001086d1fe23f sp=0x00000005f80fb2b8 mode 0
Event: 0.310 Thread 0x0000010869790c50 DEOPT PACKING pc=0x000001086d7be8ed sp=0x00000005f80fbdf0
Event: 0.310 Thread 0x0000010869790c50 DEOPT UNPACKING pc=0x000001086d1fe23f sp=0x00000005f80fb2b8 mode 0
Event: 0.311 Thread 0x0000010869790c50 DEOPT PACKING pc=0x000001086d7be8ed sp=0x00000005f80f8290
Event: 0.311 Thread 0x0000010869790c50 DEOPT UNPACKING pc=0x000001086d1fe23f sp=0x00000005f80f7758 mode 0
Event: 0.316 Thread 0x0000010869790c50 DEOPT PACKING pc=0x000001086d7be8ed sp=0x00000005f80f7f00
Event: 0.316 Thread 0x0000010869790c50 DEOPT UNPACKING pc=0x000001086d1fe23f sp=0x00000005f80f73c8 mode 0
Event: 0.316 Thread 0x0000010869790c50 DEOPT PACKING pc=0x000001086d7be8ed sp=0x00000005f80f7f00
Event: 0.316 Thread 0x0000010869790c50 DEOPT UNPACKING pc=0x000001086d1fe23f sp=0x00000005f80f73c8 mode 0
Event: 0.316 Thread 0x0000010869790c50 DEOPT PACKING pc=0x000001086d7be8ed sp=0x00000005f80f7f00
Event: 0.316 Thread 0x0000010869790c50 DEOPT UNPACKING pc=0x000001086d1fe23f sp=0x00000005f80f73c8 mode 0
Event: 0.317 Thread 0x0000010869790c50 DEOPT PACKING pc=0x000001086d7be8ed sp=0x00000005f80f7f00
Event: 0.317 Thread 0x0000010869790c50 DEOPT UNPACKING pc=0x000001086d1fe23f sp=0x00000005f80f73c8 mode 0

Classes unloaded (0 events):
No events

Classes redefined (4 events):
Event: 15.182 Thread 0x0000010808a2ee70 redefined class name=Ex0510_03, count=1
Event: 18.423 Thread 0x0000010808a2ee70 redefined class name=Ex0510_03, count=2
Event: 59.529 Thread 0x0000010808a2ee70 redefined class name=Ex0510_03, count=3
Event: 70.039 Thread 0x0000010808a2ee70 redefined class name=Ex0510_03, count=4

Internal exceptions (3 events):
Event: 0.233 Thread 0x0000010869790c50 Exception <a 'java/lang/NoSuchMethodError'{0x0000000711e3a5d0}: 'void java.lang.invoke.DirectMethodHandle$Holder.invokeStatic(java.lang.Object, java.lang.Object)'> (0x0000000711e3a5d0) 
thrown [./open/src/hotspot/share/interpreter/linkResolver.cpp, line 782]
Event: 0.233 Thread 0x0000010869790c50 Exception <a 'java/lang/NoSuchMethodError'{0x0000000711e3e278}: 'void java.lang.invoke.DirectMethodHandle$Holder.invokeStaticInit(java.lang.Object, java.lang.Object)'> (0x0000000711e3e278) 
thrown [./open/src/hotspot/share/interpreter/linkResolver.cpp, line 782]
Event: 0.292 Thread 0x0000010869790c50 Exception <a 'java/lang/NoSuchMethodError'{0x0000000711c1de40}: 'java.lang.Object java.lang.invoke.DirectMethodHandle$Holder.invokeStatic(java.lang.Object)'> (0x0000000711c1de40) 
thrown [./open/src/hotspot/share/interpreter/linkResolver.cpp, line 782]

Events (20 events):
Event: 59.530 Executing VM operation: RedefineClasses done
Event: 59.530 Executing VM operation: GetFrameCount
Event: 59.530 Executing VM operation: GetFrameCount done
Event: 59.530 Executing VM operation: GetStackTrace
Event: 59.530 Executing VM operation: GetStackTrace done
Event: 59.535 Executing VM operation: GetFrameCount
Event: 59.535 Executing VM operation: GetFrameCount done
Event: 62.823 Executing VM operation: GetFrameCount
Event: 62.823 Executing VM operation: GetFrameCount done
Event: 70.039 Executing VM operation: RedefineClasses
Event: 70.040 Executing VM operation: RedefineClasses done
Event: 70.040 Executing VM operation: GetFrameCount
Event: 70.040 Executing VM operation: GetFrameCount done
Event: 70.041 Executing VM operation: GetStackTrace
Event: 70.041 Executing VM operation: GetStackTrace done
Event: 70.091 Executing VM operation: GetFrameCount
Event: 70.091 Executing VM operation: GetFrameCount done
Event: 137.746 Executing VM operation: ChangeBreakpoints
Event: 137.747 Executing VM operation: ChangeBreakpoints done
Event: 164.772 Executing VM operation: RedefineClasses


Dynamic libraries:
0x00007ff6bdd50000 - 0x00007ff6bdd5d000 	C:\eclipse\plugins\org.eclipse.justj.openjdk.hotspot.jre.full.win32.x86_64_15.0.2.v20210201-0955\jre\bin\javaw.exe
0x00007ffb573d0000 - 0x00007ffb575c5000 	C:\WINDOWS\SYSTEM32\ntdll.dll
0x00007ffb56650000 - 0x00007ffb5670d000 	C:\WINDOWS\System32\KERNEL32.DLL
0x00007ffb55000000 - 0x00007ffb552c8000 	C:\WINDOWS\System32\KERNELBASE.dll
0x00007ffb55330000 - 0x00007ffb55430000 	C:\WINDOWS\System32\ucrtbase.dll
0x00007ffb47ae0000 - 0x00007ffb47af9000 	C:\eclipse\plugins\org.eclipse.justj.openjdk.hotspot.jre.full.win32.x86_64_15.0.2.v20210201-0955\jre\bin\VCRUNTIME140.dll
0x00007ffb42e10000 - 0x00007ffb42e28000 	C:\eclipse\plugins\org.eclipse.justj.openjdk.hotspot.jre.full.win32.x86_64_15.0.2.v20210201-0955\jre\bin\jli.dll
0x00007ffb55ea0000 - 0x00007ffb56040000 	C:\WINDOWS\System32\USER32.dll
0x00007ffb54ef0000 - 0x00007ffb54f12000 	C:\WINDOWS\System32\win32u.dll
0x00007ffb3c7e0000 - 0x00007ffb3ca7a000 	C:\WINDOWS\WinSxS\amd64_microsoft.windows.common-controls_6595b64144ccf1df_6.0.19041.844_none_ca00b6081b84eb1d\COMCTL32.dll
0x00007ffb55e70000 - 0x00007ffb55e9a000 	C:\WINDOWS\System32\GDI32.dll
0x00007ffb55ce0000 - 0x00007ffb55d7e000 	C:\WINDOWS\System32\msvcrt.dll
0x00007ffb54de0000 - 0x00007ffb54eeb000 	C:\WINDOWS\System32\gdi32full.dll
0x00007ffb54b10000 - 0x00007ffb54bad000 	C:\WINDOWS\System32\msvcp_win.dll
0x00007ffb56ee0000 - 0x00007ffb56f10000 	C:\WINDOWS\System32\IMM32.DLL
0x00007ffb50790000 - 0x00007ffb5079c000 	C:\eclipse\plugins\org.eclipse.justj.openjdk.hotspot.jre.full.win32.x86_64_15.0.2.v20210201-0955\jre\bin\vcruntime140_1.dll
0x00007ffb415f0000 - 0x00007ffb41681000 	C:\eclipse\plugins\org.eclipse.justj.openjdk.hotspot.jre.full.win32.x86_64_15.0.2.v20210201-0955\jre\bin\msvcp140.dll
0x00007ffb2d370000 - 0x00007ffb2dece000 	C:\eclipse\plugins\org.eclipse.justj.openjdk.hotspot.jre.full.win32.x86_64_15.0.2.v20210201-0955\jre\bin\server\jvm.dll
0x00007ffb55c30000 - 0x00007ffb55cdc000 	C:\WINDOWS\System32\ADVAPI32.dll
0x00007ffb56710000 - 0x00007ffb567ab000 	C:\WINDOWS\System32\sechost.dll
0x00007ffb56db0000 - 0x00007ffb56edb000 	C:\WINDOWS\System32\RPCRT4.dll
0x00007ffb55e60000 - 0x00007ffb55e68000 	C:\WINDOWS\System32\PSAPI.DLL
0x00007ffb50830000 - 0x00007ffb50839000 	C:\WINDOWS\SYSTEM32\WSOCK32.dll
0x00007ffb3ebb0000 - 0x00007ffb3ebd7000 	C:\WINDOWS\SYSTEM32\WINMM.dll
0x00007ffb568e0000 - 0x00007ffb5694b000 	C:\WINDOWS\System32\WS2_32.dll
0x00007ffb494f0000 - 0x00007ffb494fa000 	C:\WINDOWS\SYSTEM32\VERSION.dll
0x00007ffb52a70000 - 0x00007ffb52a82000 	C:\WINDOWS\SYSTEM32\kernel.appcore.dll
0x00007ffb42d00000 - 0x00007ffb42d0a000 	C:\eclipse\plugins\org.eclipse.justj.openjdk.hotspot.jre.full.win32.x86_64_15.0.2.v20210201-0955\jre\bin\jimage.dll
0x00007ffb47530000 - 0x00007ffb47714000 	C:\WINDOWS\SYSTEM32\DBGHELP.DLL
0x00007ffb44f70000 - 0x00007ffb44f9c000 	C:\WINDOWS\SYSTEM32\dbgcore.DLL
0x00007ffb54bb0000 - 0x00007ffb54c30000 	C:\WINDOWS\System32\bcryptPrimitives.dll
0x00007ffb41fd0000 - 0x00007ffb42009000 	C:\eclipse\plugins\org.eclipse.justj.openjdk.hotspot.jre.full.win32.x86_64_15.0.2.v20210201-0955\jre\bin\jdwp.dll
0x00007ffb4ef10000 - 0x00007ffb4ef1e000 	C:\eclipse\plugins\org.eclipse.justj.openjdk.hotspot.jre.full.win32.x86_64_15.0.2.v20210201-0955\jre\bin\instrument.dll
0x00007ffb3c590000 - 0x00007ffb3c5b5000 	C:\eclipse\plugins\org.eclipse.justj.openjdk.hotspot.jre.full.win32.x86_64_15.0.2.v20210201-0955\jre\bin\java.dll
0x00007ffb37e10000 - 0x00007ffb37e28000 	C:\eclipse\plugins\org.eclipse.justj.openjdk.hotspot.jre.full.win32.x86_64_15.0.2.v20210201-0955\jre\bin\zip.dll
0x00007ffb55430000 - 0x00007ffb55b72000 	C:\WINDOWS\System32\SHELL32.dll
0x00007ffb52c70000 - 0x00007ffb53401000 	C:\WINDOWS\SYSTEM32\windows.storage.dll
0x00007ffb57030000 - 0x00007ffb57385000 	C:\WINDOWS\System32\combase.dll
0x00007ffb544b0000 - 0x00007ffb544dc000 	C:\WINDOWS\SYSTEM32\Wldp.dll
0x00007ffb55b80000 - 0x00007ffb55c2e000 	C:\WINDOWS\System32\SHCORE.dll
0x00007ffb565f0000 - 0x00007ffb56645000 	C:\WINDOWS\System32\shlwapi.dll
0x00007ffb54a50000 - 0x00007ffb54a6f000 	C:\WINDOWS\SYSTEM32\profapi.dll
0x00007ffb4eeb0000 - 0x00007ffb4eebb000 	C:\eclipse\plugins\org.eclipse.justj.openjdk.hotspot.jre.full.win32.x86_64_15.0.2.v20210201-0955\jre\bin\dt_socket.dll
0x00007ffb53f10000 - 0x00007ffb53f4b000 	C:\WINDOWS\SYSTEM32\IPHLPAPI.DLL
0x00007ffb54220000 - 0x00007ffb5428a000 	C:\WINDOWS\system32\mswsock.dll
0x00007ffb53f50000 - 0x00007ffb5401c000 	C:\WINDOWS\SYSTEM32\DNSAPI.dll
0x00007ffb57020000 - 0x00007ffb57028000 	C:\WINDOWS\System32\NSI.dll
0x00007ffb4d900000 - 0x00007ffb4d90a000 	C:\Windows\System32\rasadhlp.dll
0x00007ffb4d880000 - 0x00007ffb4d8ff000 	C:\WINDOWS\System32\fwpuclnt.dll
0x00007ffb54f20000 - 0x00007ffb54f47000 	C:\WINDOWS\System32\bcrypt.dll
0x00007ffb37c20000 - 0x00007ffb37c39000 	C:\eclipse\plugins\org.eclipse.justj.openjdk.hotspot.jre.full.win32.x86_64_15.0.2.v20210201-0955\jre\bin\net.dll
0x00007ffb4dd40000 - 0x00007ffb4de4b000 	C:\WINDOWS\SYSTEM32\WINHTTP.dll
0x00007ffb37bd0000 - 0x00007ffb37be2000 	C:\eclipse\plugins\org.eclipse.justj.openjdk.hotspot.jre.full.win32.x86_64_15.0.2.v20210201-0955\jre\bin\nio.dll
0x00007ffb42b30000 - 0x00007ffb42b40000 	C:\eclipse\plugins\org.eclipse.justj.openjdk.hotspot.jre.full.win32.x86_64_15.0.2.v20210201-0955\jre\bin\verify.dll

dbghelp: loaded successfully - version: 4.0.5 - missing functions: none
symbol engine: initialized successfully - sym options: 0x614 - pdb path: .;C:\eclipse\plugins\org.eclipse.justj.openjdk.hotspot.jre.full.win32.x86_64_15.0.2.v20210201-0955\jre\bin;C:\WINDOWS\SYSTEM32;C:\WINDOWS\WinSxS\amd64_microsoft.windows.common-controls_6595b64144ccf1df_6.0.19041.844_none_ca00b6081b84eb1d;C:\eclipse\plugins\org.eclipse.justj.openjdk.hotspot.jre.full.win32.x86_64_15.0.2.v20210201-0955\jre\bin\server

VM Arguments:
jvm_args: -XX:+ShowCodeDetailsInExceptionMessages -agentlib:jdwp=transport=dt_socket,suspend=y,address=localhost:51170 -javaagent:C:\eclipse\configuration\org.eclipse.osgi\412\0\.cp\lib\javaagent-shaded.jar -Dfile.encoding=MS949 
java_command: Ex0510_03
java_class_path (initial): C:\workspace\p0510_01\bin
Launcher Type: SUN_STANDARD

[Global flags]
     intx CICompilerCount                          = 3                                         {product} {ergonomic}
     uint ConcGCThreads                            = 2                                         {product} {ergonomic}
     uint G1ConcRefinementThreads                  = 6                                         {product} {ergonomic}
   size_t G1HeapRegionSize                         = 2097152                                   {product} {ergonomic}
    uintx GCDrainStackTargetSize                   = 64                                        {product} {ergonomic}
   size_t InitialHeapSize                          = 266338304                                 {product} {ergonomic}
   size_t MarkStackSize                            = 4194304                                   {product} {ergonomic}
   size_t MaxHeapSize                              = 4257218560                                {product} {ergonomic}
   size_t MaxNewSize                               = 2554331136                                {product} {ergonomic}
   size_t MinHeapDeltaBytes                        = 2097152                                   {product} {ergonomic}
   size_t MinHeapSize                              = 8388608                                   {product} {ergonomic}
    uintx NonNMethodCodeHeapSize                   = 5832780                                {pd product} {ergonomic}
    uintx NonProfiledCodeHeapSize                  = 122912730                              {pd product} {ergonomic}
    uintx ProfiledCodeHeapSize                     = 122912730                              {pd product} {ergonomic}
    uintx ReservedCodeCacheSize                    = 251658240                              {pd product} {ergonomic}
     bool SegmentedCodeCache                       = true                                      {product} {ergonomic}
     bool ShowCodeDetailsInExceptionMessages       = true                                   {manageable} {command line}
   size_t SoftMaxHeapSize                          = 4257218560                             {manageable} {ergonomic}
     bool UseCompressedClassPointers               = true                                 {lp64_product} {ergonomic}
     bool UseCompressedOops                        = true                                 {lp64_product} {ergonomic}
     bool UseG1GC                                  = true                                      {product} {ergonomic}
     bool UseLargePagesIndividualAllocation        = false                                  {pd product} {ergonomic}

Logging:
Log output configuration:
 #0: stdout all=warning uptime,level,tags
 #1: stderr all=off uptime,level,tags

Environment Variables:
PATH=C:\eclipse\plugins\org.eclipse.justj.openjdk.hotspot.jre.full.win32.x86_64_15.0.2.v20210201-0955\jre\bin;C:/eclipse//plugins/org.eclipse.justj.openjdk.hotspot.jre.full.win32.x86_64_15.0.2.v20210201-0955/jre/bin/server;C:/eclipse//plugins/org.eclipse.justj.openjdk.hotspot.jre.full.win32.x86_64_15.0.2.v20210201-0955/jre/bin;C:\Program Files (x86)\Common Files\Oracle\Java\javapath;C:\WINDOWS\system32;C:\WINDOWS;C:\WINDOWS\System32\Wbem;C:\WINDOWS\System32\WindowsPowerShell\v1.0\;C:\WINDOWS\System32\OpenSSH\;C:\jdk18\bin;C:\Program Files\nodejs\;C:\Program Files\MySQL\MySQL Shell 8.0\bin\;C:\Users\한국직업전문학교\AppData\Local\Programs\Python\Python39\Scripts\;C:\Users\한국직업전문학교\AppData\Local\Programs\Python\Python39\;C:\Users\한국직업전문학교\AppData\Local\Microsoft\WindowsApps;;C:\Users\한국직업전문학교\AppData\Local\Programs\Microsoft VS Code\bin;C:\Users\한국직업전문학교\AppData\Roaming\npm;C:\eclipse;
USERNAME=한국직업전문학교
OS=Windows_NT
PROCESSOR_IDENTIFIER=Intel64 Family 6 Model 158 Stepping 10, GenuineIntel



---------------  S Y S T E M  ---------------

OS:
 Windows 10 , 64 bit Build 19041 (10.0.19041.928)
OS uptime: 0 days 3:29 hours

CPU: total 6 (initial active 6) (6 cores per cpu, 1 threads per core) family 6 model 158 stepping 10 microcode 0xb4, cmov, cx8, fxsr, mmx, sse, sse2, sse3, ssse3, sse4.1, sse4.2, popcnt, vzeroupper, avx, avx2, aes, clmul, erms, 3dnowpref, lzcnt, tsc, tscinvbit, bmi1, bmi2, adx, fma, clflush, clflushopt

Memory: 4k page, system-wide physical 16233M (11240M free)
TotalPageFile size 18665M (AvailPageFile size 12538M)
current process WorkingSet (physical memory assigned to process): 45M, peak: 48M
current process commit charge ("private bytes"): 338M, peak: 340M

vm_info: OpenJDK 64-Bit Server VM (15.0.2+7-27) for windows-amd64 JRE (15.0.2+7-27), built on Dec  7 2020 20:02:38 by "mach5one" with unknown MS VC++:1925

END.
